<?xml version="1.0" encoding="UTF-8"?>
<testsuite name="leapYearTest" tests="4" skipped="0" failures="0" errors="0" timestamp="2022-10-11T14:34:18" hostname="DESKTOP-DC99J40" time="0.04">
  <properties/>
  <testcase name="testing_if_year_which_is_not_dividable_by_4_is_not_leap_year()" classname="leapYearTest" time="0.032"/>
  <testcase name="testing_if_year_which_is_dividable_by_400_is_leap_year()" classname="leapYearTest" time="0.002"/>
  <testcase name="testing_if_year_which_is_dividable_by_100_but_not_400_is_not_leap_year()" classname="leapYearTest" time="0.002"/>
  <testcase name="testing_if_year_is_dividable_by_4_not_100()" classname="leapYearTest" time="0.001"/>
  <system-out><![CDATA[]]></system-out>
  <system-err><![CDATA[]]></system-err>
</testsuite>
